18:03:48 **** Incremental Build of configuration Debug for project Final_Project_CONTROL_ECU ****
make all 
Building file: ../Final_Project_CONTROL_ECU.c
Invoking: AVR Compiler
avr-gcc -Wall -g2 -gstabs -O0 -fpack-struct -fshort-enums -ffunction-sections -fdata-sections -std=gnu99 -funsigned-char -funsigned-bitfields -mmcu=atmega32 -DF_CPU=8000000UL -MMD -MP -MF"Final_Project_CONTROL_ECU.d" -MT"Final_Project_CONTROL_ECU.o" -c -o "Final_Project_CONTROL_ECU.o" "../Final_Project_CONTROL_ECU.c"
Finished building: ../Final_Project_CONTROL_ECU.c
 
Building target: Final_Project_CONTROL_ECU.elf
Invoking: AVR C Linker
avr-gcc -Wl,-Map,Final_Project_CONTROL_ECU.map -mmcu=atmega32 -o "Final_Project_CONTROL_ECU.elf"  ./CONTROL_ECU_functions.o ./Final_Project_CONTROL_ECU.o ./buzzer.o ./dc-motor.o ./eeprom.o ./gpio.o ./lcd.o ./timer0.o ./timer1.o ./twi.o ./uart.o   
Finished building target: Final_Project_CONTROL_ECU.elf
 
Invoking: AVR Create Extended Listing
avr-objdump -h -S Final_Project_CONTROL_ECU.elf  >"Final_Project_CONTROL_ECU.lss"
Finished building: Final_Project_CONTROL_ECU.lss
 
Invoking: Print Size
avr-size --format=avr --mcu=atmega32 Final_Project_CONTROL_ECU.elf
AVR Memory Usage
----------------
Device: atmega32

Program:   12832 bytes (39.2% Full)
(.text + .data + .bootloader)

Data:        290 bytes (14.2% Full)
(.data + .bss + .noinit)


Finished building: sizedummy
 

18:03:48 Build Finished. 0 errors, 0 warnings. (took 500ms)

