13:16:29 **** Incremental Build of configuration Debug for project Final_Project ****
make all 
Building file: ../Final_Project.c
Invoking: AVR Compiler
avr-gcc -Wall -g2 -gstabs -O0 -fpack-struct -fshort-enums -ffunction-sections -fdata-sections -std=gnu99 -funsigned-char -funsigned-bitfields -mmcu=atmega32 -DF_CPU=8000000UL -MMD -MP -MF"Final_Project.d" -MT"Final_Project.o" -c -o "Final_Project.o" "../Final_Project.c"
In file included from ../Final_Project.c:12:
c:/winavr-20100110/lib/gcc/../../avr/include/util/delay.h:90:3: warning: #warning "Compiler optimizations disabled; functions from <util/delay.h> won't work as designed"
Finished building: ../Final_Project.c
 
Building target: Final_Project.elf
Invoking: AVR C Linker
avr-gcc -Wl,-Map,Final_Project.map -mmcu=atmega32 -o "Final_Project.elf"  ./Final_Project.o ./buzzer.o ./gpio.o ./lcd.o ./timer1.o   
Finished building target: Final_Project.elf
 
Invoking: AVR Create Extended Listing
avr-objdump -h -S Final_Project.elf  >"Final_Project.lss"
Finished building: Final_Project.lss
 
Invoking: Print Size
avr-size --format=avr --mcu=atmega32 Final_Project.elf
AVR Memory Usage
----------------
Device: atmega32

Program:    8538 bytes (26.1% Full)
(.text + .data + .bootloader)

Data:         11 bytes (0.5% Full)
(.data + .bss + .noinit)


Finished building: sizedummy
 

13:16:30 Build Finished. 0 errors, 1 warnings. (took 455ms)

